<?xml version="1.0" encoding="UTF-8"?>
<testsuite xmlns:xsi="http://www.w3.org/2001/XMLSchema-instance" xsi:noNamespaceSchemaLocation="https://maven.apache.org/surefire/maven-surefire-plugin/xsd/surefire-test-report-3.0.xsd" version="3.0" name="org.java.test.EmployeeTest" time="0.075" tests="5" errors="0" skipped="0" failures="0">
  <properties>
[...]
</properties>
  <testcase name="employeeEmptyNameCostructo" classname="org.java.test.EmployeeTest" time="0.031"/>
  <testcase name="employeeWrongRoleCostructo" classname="org.java.test.EmployeeTest" time="0.002"/>
  <testcase name="employeeDateInTheFutureCostructo" classname="org.java.test.EmployeeTest" time="0.025"/>
  <testcase name="employeeCostructo" classname="org.java.test.EmployeeTest" time="0.002"/>
  <testcase name="employeeEmptyLastnameCostructo" classname="org.java.test.EmployeeTest" time="0.004"/>
</testsuite>